<?xml version="1.0" encoding="UTF-8"?>
<coverage generated="1611435885548" clover="3.2.0">
  <project timestamp="1611435885548" name="All files">
    <metrics statements="23" coveredstatements="22" conditionals="16" coveredconditionals="15" methods="8" coveredmethods="8" elements="47" coveredelements="45" complexity="0" loc="23" ncloc="23" packages="2" files="2" classes="2"/>
    <package name="thoughtworks-js-test">
      <metrics statements="18" coveredstatements="17" conditionals="10" coveredconditionals="9" methods="7" coveredmethods="7"/>
      <file name="app.js" path="/Users/emanoellopes/development/challenges/thoughtworks/thoughtworks-js-test/app.js">
        <metrics statements="18" coveredstatements="17" conditionals="10" coveredconditionals="9" methods="7" coveredmethods="7"/>
        <line num="1" count="1" type="stmt"/>
        <line num="2" count="1" type="stmt"/>
        <line num="3" count="1" type="stmt"/>
        <line num="6" count="7" type="stmt"/>
        <line num="7" count="7" type="cond" truecount="2" falsecount="0"/>
        <line num="9" count="6" type="stmt"/>
        <line num="10" count="6" type="stmt"/>
        <line num="11" count="18" type="stmt"/>
        <line num="19" count="54" type="stmt"/>
        <line num="23" count="6" type="stmt"/>
        <line num="24" count="18" type="cond" truecount="5" falsecount="1"/>
        <line num="27" count="6" type="stmt"/>
        <line num="28" count="6" type="stmt"/>
        <line num="30" count="0" type="stmt"/>
        <line num="34" count="1" type="stmt"/>
        <line num="36" count="1" type="stmt"/>
        <line num="38" count="1" type="stmt"/>
        <line num="40" count="1" type="stmt"/>
      </file>
    </package>
    <package name="thoughtworks-js-test.utils.getWeekDayType">
      <metrics statements="5" coveredstatements="5" conditionals="6" coveredconditionals="6" methods="1" coveredmethods="1"/>
      <file name="index.js" path="/Users/emanoellopes/development/challenges/thoughtworks/thoughtworks-js-test/utils/getWeekDayType/index.js">
        <metrics statements="5" coveredstatements="5" conditionals="6" coveredconditionals="6" methods="1" coveredmethods="1"/>
        <line num="9" count="67" type="cond" truecount="2" falsecount="0"/>
        <line num="10" count="63" type="stmt"/>
        <line num="11" count="63" type="cond" truecount="4" falsecount="0"/>
        <line num="12" count="63" type="stmt"/>
        <line num="15" count="2" type="stmt"/>
      </file>
    </package>
  </project>
</coverage>
