{"/Users/emanoellopes/development/challenges/thoughtworks/thoughtworks-js-test/app.js": {"path":"/Users/emanoellopes/development/challenges/thoughtworks/thoughtworks-js-test/app.js","statementMap":{"0":{"start":{"line":1,"column":14},"end":{"line":1,"column":35}},"1":{"start":{"line":2,"column":23},"end":{"line":2,"column":56}},"2":{"start":{"line":3,"column":17},"end":{"line":3,"column":52}},"3":{"start":{"line":6,"column":2},"end":{"line":31,"column":3}},"4":{"start":{"line":7,"column":4},"end":{"line":7,"column":77}},"5":{"start":{"line":7,"column":22},"end":{"line":7,"column":77}},"6":{"start":{"line":9,"column":21},"end":{"line":9,"column":42}},"7":{"start":{"line":10,"column":17},"end":{"line":10,"column":38}},"8":{"start":{"line":11,"column":19},"end":{"line":21,"column":7}},"9":{"start":{"line":11,"column":37},"end":{"line":21,"column":5}},"10":{"start":{"line":19,"column":8},"end":{"line":19,"column":68}},"11":{"start":{"line":23,"column":26},"end":{"line":25,"column":5}},"12":{"start":{"line":24,"column":6},"end":{"line":24,"column":91}},"13":{"start":{"line":27,"column":21},"end":{"line":27,"column":50}},"14":{"start":{"line":28,"column":4},"end":{"line":28,"column":20}},"15":{"start":{"line":30,"column":4},"end":{"line":30,"column":19}},"16":{"start":{"line":34,"column":0},"end":{"line":34,"column":121}},"17":{"start":{"line":34,"column":92},"end":{"line":34,"column":119}},"18":{"start":{"line":36,"column":0},"end":{"line":36,"column":121}},"19":{"start":{"line":36,"column":92},"end":{"line":36,"column":119}},"20":{"start":{"line":38,"column":0},"end":{"line":38,"column":122}},"21":{"start":{"line":38,"column":93},"end":{"line":38,"column":120}},"22":{"start":{"line":40,"column":0},"end":{"line":42,"column":2}}},"fnMap":{"0":{"name":"getTheCheapestHotel","decl":{"start":{"line":5,"column":15},"end":{"line":5,"column":34}},"loc":{"start":{"line":5,"column":70},"end":{"line":32,"column":1}},"line":5},"1":{"name":"(anonymous_1)","decl":{"start":{"line":11,"column":28},"end":{"line":11,"column":29}},"loc":{"start":{"line":11,"column":37},"end":{"line":21,"column":5}},"line":11},"2":{"name":"(anonymous_2)","decl":{"start":{"line":18,"column":25},"end":{"line":18,"column":26}},"loc":{"start":{"line":18,"column":41},"end":{"line":20,"column":7}},"line":18},"3":{"name":"(anonymous_3)","decl":{"start":{"line":23,"column":26},"end":{"line":23,"column":27}},"loc":{"start":{"line":23,"column":36},"end":{"line":25,"column":5}},"line":23},"4":{"name":"(anonymous_4)","decl":{"start":{"line":34,"column":80},"end":{"line":34,"column":81}},"loc":{"start":{"line":34,"column":92},"end":{"line":34,"column":119}},"line":34},"5":{"name":"(anonymous_5)","decl":{"start":{"line":36,"column":80},"end":{"line":36,"column":81}},"loc":{"start":{"line":36,"column":92},"end":{"line":36,"column":119}},"line":36},"6":{"name":"(anonymous_6)","decl":{"start":{"line":38,"column":81},"end":{"line":38,"column":82}},"loc":{"start":{"line":38,"column":93},"end":{"line":38,"column":120}},"line":38}},"branchMap":{"0":{"loc":{"start":{"line":5,"column":35},"end":{"line":5,"column":57}},"type":"default-arg","locations":[{"start":{"line":5,"column":48},"end":{"line":5,"column":57}}],"line":5},"1":{"loc":{"start":{"line":5,"column":59},"end":{"line":5,"column":68}},"type":"default-arg","locations":[{"start":{"line":5,"column":66},"end":{"line":5,"column":68}}],"line":5},"2":{"loc":{"start":{"line":7,"column":4},"end":{"line":7,"column":77}},"type":"if","locations":[{"start":{"line":7,"column":4},"end":{"line":7,"column":77}},{"start":{"line":7,"column":4},"end":{"line":7,"column":77}}],"line":7},"3":{"loc":{"start":{"line":24,"column":13},"end":{"line":24,"column":90}},"type":"cond-expr","locations":[{"start":{"line":24,"column":58},"end":{"line":24,"column":59}},{"start":{"line":24,"column":62},"end":{"line":24,"column":90}}],"line":24},"4":{"loc":{"start":{"line":24,"column":14},"end":{"line":24,"column":54}},"type":"binary-expr","locations":[{"start":{"line":24,"column":14},"end":{"line":24,"column":31}},{"start":{"line":24,"column":35},"end":{"line":24,"column":54}}],"line":24},"5":{"loc":{"start":{"line":24,"column":62},"end":{"line":24,"column":90}},"type":"cond-expr","locations":[{"start":{"line":24,"column":84},"end":{"line":24,"column":86}},{"start":{"line":24,"column":89},"end":{"line":24,"column":90}}],"line":24}},"s":{"0":1,"1":1,"2":1,"3":7,"4":7,"5":1,"6":6,"7":6,"8":6,"9":18,"10":54,"11":6,"12":18,"13":6,"14":6,"15":0,"16":1,"17":1,"18":1,"19":1,"20":1,"21":1,"22":1},"f":{"0":7,"1":18,"2":54,"3":18,"4":1,"5":1,"6":1},"b":{"0":[1],"1":[1],"2":[1,6],"3":[10,8],"4":[18,10],"5":[8,0]},"_coverageSchema":"1a1c01bbd47fc00a2c39e90264f33305004495a9","hash":"525544c4671e8aed311ca9e085fc025d9d727651"}
,"/Users/emanoellopes/development/challenges/thoughtworks/thoughtworks-js-test/utils/getWeekDayType/index.js": {"path":"/Users/emanoellopes/development/challenges/thoughtworks/thoughtworks-js-test/utils/getWeekDayType/index.js","statementMap":{"0":{"start":{"line":9,"column":2},"end":{"line":9,"column":54}},"1":{"start":{"line":9,"column":32},"end":{"line":9,"column":54}},"2":{"start":{"line":10,"column":12},"end":{"line":10,"column":66}},"3":{"start":{"line":11,"column":22},"end":{"line":11,"column":63}},"4":{"start":{"line":12,"column":2},"end":{"line":12,"column":21}},"5":{"start":{"line":15,"column":0},"end":{"line":15,"column":32}}},"fnMap":{"0":{"name":"getWeekDayType","decl":{"start":{"line":8,"column":9},"end":{"line":8,"column":23}},"loc":{"start":{"line":8,"column":30},"end":{"line":13,"column":1}},"line":8}},"branchMap":{"0":{"loc":{"start":{"line":9,"column":2},"end":{"line":9,"column":54}},"type":"if","locations":[{"start":{"line":9,"column":2},"end":{"line":9,"column":54}},{"start":{"line":9,"column":2},"end":{"line":9,"column":54}}],"line":9},"1":{"loc":{"start":{"line":11,"column":22},"end":{"line":11,"column":63}},"type":"cond-expr","locations":[{"start":{"line":11,"column":45},"end":{"line":11,"column":54}},{"start":{"line":11,"column":57},"end":{"line":11,"column":63}}],"line":11},"2":{"loc":{"start":{"line":11,"column":23},"end":{"line":11,"column":41}},"type":"binary-expr","locations":[{"start":{"line":11,"column":23},"end":{"line":11,"column":30}},{"start":{"line":11,"column":34},"end":{"line":11,"column":41}}],"line":11}},"s":{"0":67,"1":4,"2":63,"3":63,"4":63,"5":2},"f":{"0":67},"b":{"0":[4,63],"1":[21,42],"2":[63,49]},"_coverageSchema":"1a1c01bbd47fc00a2c39e90264f33305004495a9","hash":"d34c8dcbfddbdccdf232cb7102ed5657cc3098d2"}
}
