TN:
SF:app.js
FN:5,getTheCheapestHotel
FN:11,(anonymous_1)
FN:18,(anonymous_2)
FN:23,(anonymous_3)
FN:34,(anonymous_4)
FN:36,(anonymous_5)
FN:38,(anonymous_6)
FNF:7
FNH:7
FNDA:7,getTheCheapestHotel
FNDA:18,(anonymous_1)
FNDA:54,(anonymous_2)
FNDA:18,(anonymous_3)
FNDA:1,(anonymous_4)
FNDA:1,(anonymous_5)
FNDA:1,(anonymous_6)
DA:1,1
DA:2,1
DA:3,1
DA:6,7
DA:7,7
DA:9,6
DA:10,6
DA:11,18
DA:19,54
DA:23,6
DA:24,18
DA:27,6
DA:28,6
DA:30,0
DA:34,1
DA:36,1
DA:38,1
DA:40,1
LF:18
LH:17
BRDA:5,0,0,1
BRDA:5,1,0,1
BRDA:7,2,0,1
BRDA:7,2,1,6
BRDA:24,3,0,10
BRDA:24,3,1,8
BRDA:24,4,0,18
BRDA:24,4,1,10
BRDA:24,5,0,8
BRDA:24,5,1,0
BRF:10
BRH:9
end_of_record
TN:
SF:utils/getWeekDayType/index.js
FN:8,getWeekDayType
FNF:1
FNH:1
FNDA:67,getWeekDayType
DA:9,67
DA:10,63
DA:11,63
DA:12,63
DA:15,2
LF:5
LH:5
BRDA:9,0,0,4
BRDA:9,0,1,63
BRDA:11,1,0,21
BRDA:11,1,1,42
BRDA:11,2,0,63
BRDA:11,2,1,49
BRF:6
BRH:6
end_of_record
